[27-Jan-2023 05:00:38 UTC] PHP Warning:  Undefined property: stdClass::$color in E:\___\codecanyon\biolink\product\themes\altum\views\partials\plans.php on line 56
[27-Jan-2023 05:00:38 UTC] PHP Warning:  Undefined property: stdClass::$price in E:\___\codecanyon\biolink\product\themes\altum\views\partials\plans.php on line 61
[27-Jan-2023 05:00:38 UTC] PHP Warning:  Undefined property: stdClass::$description in E:\___\codecanyon\biolink\product\themes\altum\views\partials\plans.php on line 64
[27-Jan-2023 05:00:38 UTC] PHP Warning:  Undefined property: stdClass::$biolink_blocks_limit in E:\___\codecanyon\biolink\product\themes\altum\views\partials\plans_plan_content.php on line 10
[27-Jan-2023 05:00:38 UTC] PHP Warning:  Undefined property: stdClass::$biolink_blocks_limit in E:\___\codecanyon\biolink\product\themes\altum\views\partials\plans_plan_content.php on line 10
[27-Jan-2023 05:00:38 UTC] PHP Warning:  Undefined property: stdClass::$files_limit in E:\___\codecanyon\biolink\product\themes\altum\views\partials\plans_plan_content.php on line 47
[27-Jan-2023 05:00:38 UTC] PHP Warning:  Undefined property: stdClass::$files_limit in E:\___\codecanyon\biolink\product\themes\altum\views\partials\plans_plan_content.php on line 47
[27-Jan-2023 05:00:38 UTC] PHP Warning:  Undefined property: stdClass::$vcards_limit in E:\___\codecanyon\biolink\product\themes\altum\views\partials\plans_plan_content.php on line 53
[27-Jan-2023 05:00:38 UTC] PHP Warning:  Undefined property: stdClass::$vcards_limit in E:\___\codecanyon\biolink\product\themes\altum\views\partials\plans_plan_content.php on line 53
[27-Jan-2023 05:00:38 UTC] PHP Warning:  Undefined property: stdClass::$events_is_enabled in E:\___\codecanyon\biolink\product\themes\altum\views\partials\plans_plan_content.php on line 57
[27-Jan-2023 05:00:38 UTC] PHP Warning:  Undefined property: stdClass::$qr_codes_limit in E:\___\codecanyon\biolink\product\themes\altum\views\partials\plans_plan_content.php on line 65
[27-Jan-2023 05:00:38 UTC] PHP Warning:  Undefined property: stdClass::$qr_codes_limit in E:\___\codecanyon\biolink\product\themes\altum\views\partials\plans_plan_content.php on line 65
[27-Jan-2023 05:00:38 UTC] PHP Warning:  Undefined property: stdClass::$track_links_retention in E:\___\codecanyon\biolink\product\themes\altum\views\partials\plans_plan_content.php on line 100
[27-Jan-2023 05:00:38 UTC] PHP Warning:  Undefined property: stdClass::$track_links_retention in E:\___\codecanyon\biolink\product\themes\altum\views\partials\plans_plan_content.php on line 100
[27-Jan-2023 05:00:38 UTC] PHP Warning:  Undefined property: stdClass::$dofollow_is_enabled in E:\___\codecanyon\biolink\product\themes\altum\views\partials\plans_plan_content.php on line 105
[27-Jan-2023 05:00:38 UTC] PHP Warning:  Undefined property: stdClass::$dofollow_is_enabled in E:\___\codecanyon\biolink\product\themes\altum\views\partials\plans_plan_content.php on line 109
[27-Jan-2023 05:00:38 UTC] PHP Warning:  Undefined property: stdClass::$custom_css_is_enabled in E:\___\codecanyon\biolink\product\themes\altum\views\partials\plans_plan_content.php on line 105
[27-Jan-2023 05:00:38 UTC] PHP Warning:  Undefined property: stdClass::$custom_css_is_enabled in E:\___\codecanyon\biolink\product\themes\altum\views\partials\plans_plan_content.php on line 109
[27-Jan-2023 05:00:38 UTC] PHP Warning:  Undefined property: stdClass::$custom_js_is_enabled in E:\___\codecanyon\biolink\product\themes\altum\views\partials\plans_plan_content.php on line 105
[27-Jan-2023 05:00:38 UTC] PHP Warning:  Undefined property: stdClass::$custom_js_is_enabled in E:\___\codecanyon\biolink\product\themes\altum\views\partials\plans_plan_content.php on line 109
[27-Jan-2023 05:00:38 UTC] PHP Warning:  Attempt to read property "is_enabled" on string in E:\___\codecanyon\biolink\product\themes\altum\views\partials\index_menu.php on line 28
[27-Jan-2023 05:00:38 UTC] PHP Warning:  Attempt to read property "is_enabled" on string in E:\___\codecanyon\biolink\product\themes\altum\views\partials\index_menu.php on line 68
[27-Jan-2023 05:00:38 UTC] PHP Warning:  Attempt to read property "is_enabled" on string in E:\___\codecanyon\biolink\product\themes\altum\views\index\index.php on line 238
[27-Jan-2023 05:00:38 UTC] PHP Warning:  Attempt to read property "is_enabled" on string in E:\___\codecanyon\biolink\product\themes\altum\views\partials\menu.php on line 37
[27-Jan-2023 05:00:38 UTC] PHP Warning:  Attempt to read property "is_enabled" on string in E:\___\codecanyon\biolink\product\themes\altum\views\partials\menu.php on line 315
[27-Jan-2023 05:00:38 UTC] PHP Warning:  Undefined property: stdClass::$contact in E:\___\codecanyon\biolink\product\themes\altum\views\partials\footer.php on line 61
[27-Jan-2023 05:00:38 UTC] PHP Warning:  Undefined property: stdClass::$is_enabled in E:\___\codecanyon\biolink\product\themes\altum\views\partials\footer.php on line 65
[27-Jan-2023 05:00:38 UTC] PHP Warning:  Undefined property: stdClass::$guests_content in E:\___\codecanyon\biolink\product\themes\altum\views\partials\announcements.php on line 4
[27-Jan-2023 05:00:38 UTC] PHP Warning:  Undefined property: stdClass::$users_content in E:\___\codecanyon\biolink\product\themes\altum\views\partials\announcements.php on line 4
[27-Jan-2023 05:00:38 UTC] PHP Warning:  Undefined property: stdClass::$is_enabled in E:\___\codecanyon\biolink\product\themes\altum\views\partials\cookie_consent.php on line 3
[27-Jan-2023 05:00:50 UTC] PHP Warning:  Undefined property: stdClass::$color in E:\___\codecanyon\biolink\product\themes\altum\views\partials\plans.php on line 56
[27-Jan-2023 05:00:50 UTC] PHP Warning:  Undefined property: stdClass::$price in E:\___\codecanyon\biolink\product\themes\altum\views\partials\plans.php on line 61
[27-Jan-2023 05:00:50 UTC] PHP Warning:  Undefined property: stdClass::$description in E:\___\codecanyon\biolink\product\themes\altum\views\partials\plans.php on line 64
[27-Jan-2023 05:00:50 UTC] PHP Warning:  Undefined property: stdClass::$biolink_blocks_limit in E:\___\codecanyon\biolink\product\themes\altum\views\partials\plans_plan_content.php on line 10
[27-Jan-2023 05:00:50 UTC] PHP Warning:  Undefined property: stdClass::$biolink_blocks_limit in E:\___\codecanyon\biolink\product\themes\altum\views\partials\plans_plan_content.php on line 10
[27-Jan-2023 05:00:50 UTC] PHP Warning:  Undefined property: stdClass::$files_limit in E:\___\codecanyon\biolink\product\themes\altum\views\partials\plans_plan_content.php on line 47
[27-Jan-2023 05:00:50 UTC] PHP Warning:  Undefined property: stdClass::$files_limit in E:\___\codecanyon\biolink\product\themes\altum\views\partials\plans_plan_content.php on line 47
[27-Jan-2023 05:00:50 UTC] PHP Warning:  Undefined property: stdClass::$vcards_limit in E:\___\codecanyon\biolink\product\themes\altum\views\partials\plans_plan_content.php on line 53
[27-Jan-2023 05:00:50 UTC] PHP Warning:  Undefined property: stdClass::$vcards_limit in E:\___\codecanyon\biolink\product\themes\altum\views\partials\plans_plan_content.php on line 53
[27-Jan-2023 05:00:50 UTC] PHP Warning:  Undefined property: stdClass::$events_is_enabled in E:\___\codecanyon\biolink\product\themes\altum\views\partials\plans_plan_content.php on line 57
[27-Jan-2023 05:00:50 UTC] PHP Warning:  Undefined property: stdClass::$qr_codes_limit in E:\___\codecanyon\biolink\product\themes\altum\views\partials\plans_plan_content.php on line 65
[27-Jan-2023 05:00:50 UTC] PHP Warning:  Undefined property: stdClass::$qr_codes_limit in E:\___\codecanyon\biolink\product\themes\altum\views\partials\plans_plan_content.php on line 65
[27-Jan-2023 05:00:50 UTC] PHP Warning:  Undefined property: stdClass::$track_links_retention in E:\___\codecanyon\biolink\product\themes\altum\views\partials\plans_plan_content.php on line 100
[27-Jan-2023 05:00:50 UTC] PHP Warning:  Undefined property: stdClass::$track_links_retention in E:\___\codecanyon\biolink\product\themes\altum\views\partials\plans_plan_content.php on line 100
[27-Jan-2023 05:00:50 UTC] PHP Warning:  Undefined property: stdClass::$dofollow_is_enabled in E:\___\codecanyon\biolink\product\themes\altum\views\partials\plans_plan_content.php on line 105
[27-Jan-2023 05:00:50 UTC] PHP Warning:  Undefined property: stdClass::$dofollow_is_enabled in E:\___\codecanyon\biolink\product\themes\altum\views\partials\plans_plan_content.php on line 109
[27-Jan-2023 05:00:50 UTC] PHP Warning:  Undefined property: stdClass::$custom_css_is_enabled in E:\___\codecanyon\biolink\product\themes\altum\views\partials\plans_plan_content.php on line 105
[27-Jan-2023 05:00:50 UTC] PHP Warning:  Undefined property: stdClass::$custom_css_is_enabled in E:\___\codecanyon\biolink\product\themes\altum\views\partials\plans_plan_content.php on line 109
[27-Jan-2023 05:00:50 UTC] PHP Warning:  Undefined property: stdClass::$custom_js_is_enabled in E:\___\codecanyon\biolink\product\themes\altum\views\partials\plans_plan_content.php on line 105
[27-Jan-2023 05:00:50 UTC] PHP Warning:  Undefined property: stdClass::$custom_js_is_enabled in E:\___\codecanyon\biolink\product\themes\altum\views\partials\plans_plan_content.php on line 109
[27-Jan-2023 05:00:50 UTC] PHP Warning:  Attempt to read property "is_enabled" on string in E:\___\codecanyon\biolink\product\themes\altum\views\partials\index_menu.php on line 28
[27-Jan-2023 05:00:50 UTC] PHP Warning:  Attempt to read property "is_enabled" on string in E:\___\codecanyon\biolink\product\themes\altum\views\index\index.php on line 238
[27-Jan-2023 05:00:50 UTC] PHP Warning:  Attempt to read property "is_enabled" on string in E:\___\codecanyon\biolink\product\themes\altum\views\partials\menu.php on line 37
[27-Jan-2023 05:00:50 UTC] PHP Warning:  Attempt to read property "is_enabled" on string in E:\___\codecanyon\biolink\product\themes\altum\views\partials\menu.php on line 315
[27-Jan-2023 05:00:50 UTC] PHP Warning:  Undefined property: stdClass::$contact in E:\___\codecanyon\biolink\product\themes\altum\views\partials\footer.php on line 61
[27-Jan-2023 05:00:50 UTC] PHP Warning:  Undefined property: stdClass::$is_enabled in E:\___\codecanyon\biolink\product\themes\altum\views\partials\footer.php on line 65
[27-Jan-2023 05:00:50 UTC] PHP Warning:  Undefined property: stdClass::$guests_content in E:\___\codecanyon\biolink\product\themes\altum\views\partials\announcements.php on line 4
[27-Jan-2023 05:00:50 UTC] PHP Warning:  Undefined property: stdClass::$users_content in E:\___\codecanyon\biolink\product\themes\altum\views\partials\announcements.php on line 4
[27-Jan-2023 05:00:50 UTC] PHP Warning:  Undefined property: stdClass::$is_enabled in E:\___\codecanyon\biolink\product\themes\altum\views\partials\cookie_consent.php on line 3
[27-Jan-2023 05:02:30 UTC] PHP Warning:  Attempt to read property "is_enabled" on string in E:\___\codecanyon\biolink\product\themes\altum\views\partials\menu.php on line 37
[27-Jan-2023 05:02:30 UTC] PHP Warning:  Attempt to read property "is_enabled" on string in E:\___\codecanyon\biolink\product\themes\altum\views\partials\menu.php on line 315
[27-Jan-2023 05:02:30 UTC] PHP Warning:  Undefined property: stdClass::$contact in E:\___\codecanyon\biolink\product\themes\altum\views\partials\footer.php on line 61
[27-Jan-2023 05:02:30 UTC] PHP Warning:  Undefined property: stdClass::$is_enabled in E:\___\codecanyon\biolink\product\themes\altum\views\partials\footer.php on line 65
[27-Jan-2023 05:02:30 UTC] PHP Warning:  Undefined property: stdClass::$guests_content in E:\___\codecanyon\biolink\product\themes\altum\views\partials\announcements.php on line 4
[27-Jan-2023 05:02:30 UTC] PHP Warning:  Undefined property: stdClass::$users_content in E:\___\codecanyon\biolink\product\themes\altum\views\partials\announcements.php on line 4
[27-Jan-2023 05:02:30 UTC] PHP Warning:  Undefined property: stdClass::$is_enabled in E:\___\codecanyon\biolink\product\themes\altum\views\partials\cookie_consent.php on line 3
[27-Jan-2023 05:02:36 UTC] PHP Warning:  Attempt to read property "is_enabled" on string in E:\___\codecanyon\biolink\product\themes\altum\views\partials\menu.php on line 37
[27-Jan-2023 05:02:36 UTC] PHP Warning:  Attempt to read property "is_enabled" on string in E:\___\codecanyon\biolink\product\themes\altum\views\partials\menu.php on line 315
[27-Jan-2023 05:02:36 UTC] PHP Warning:  Undefined property: stdClass::$contact in E:\___\codecanyon\biolink\product\themes\altum\views\partials\footer.php on line 61
[27-Jan-2023 05:02:36 UTC] PHP Warning:  Undefined property: stdClass::$is_enabled in E:\___\codecanyon\biolink\product\themes\altum\views\partials\footer.php on line 65
[27-Jan-2023 05:02:36 UTC] PHP Warning:  Undefined property: stdClass::$guests_content in E:\___\codecanyon\biolink\product\themes\altum\views\partials\announcements.php on line 4
[27-Jan-2023 05:02:36 UTC] PHP Warning:  Undefined property: stdClass::$users_content in E:\___\codecanyon\biolink\product\themes\altum\views\partials\announcements.php on line 4
[27-Jan-2023 05:02:36 UTC] PHP Warning:  Undefined property: stdClass::$is_enabled in E:\___\codecanyon\biolink\product\themes\altum\views\partials\cookie_consent.php on line 3
[27-Jan-2023 05:02:39 UTC] PHP Warning:  Undefined property: stdClass::$events_is_enabled in E:\___\codecanyon\biolink\product\themes\altum\views\links\links_content.php on line 49
[27-Jan-2023 05:02:39 UTC] PHP Warning:  Undefined property: stdClass::$events_is_enabled in E:\___\codecanyon\biolink\product\themes\altum\views\links\links_content.php on line 154
[27-Jan-2023 05:02:39 UTC] PHP Warning:  Attempt to read property "is_enabled" on string in E:\___\codecanyon\biolink\product\themes\altum\views\partials\menu.php on line 37
[27-Jan-2023 05:02:39 UTC] PHP Warning:  Attempt to read property "is_enabled" on string in E:\___\codecanyon\biolink\product\themes\altum\views\partials\menu.php on line 315
[27-Jan-2023 05:02:39 UTC] PHP Warning:  Undefined property: stdClass::$contact in E:\___\codecanyon\biolink\product\themes\altum\views\partials\footer.php on line 61
[27-Jan-2023 05:02:39 UTC] PHP Warning:  Undefined property: stdClass::$is_enabled in E:\___\codecanyon\biolink\product\themes\altum\views\partials\footer.php on line 65
[27-Jan-2023 05:02:39 UTC] PHP Warning:  Undefined property: stdClass::$guests_content in E:\___\codecanyon\biolink\product\themes\altum\views\partials\announcements.php on line 4
[27-Jan-2023 05:02:39 UTC] PHP Warning:  Undefined property: stdClass::$users_content in E:\___\codecanyon\biolink\product\themes\altum\views\partials\announcements.php on line 4
[27-Jan-2023 05:02:39 UTC] PHP Warning:  Undefined property: stdClass::$is_enabled in E:\___\codecanyon\biolink\product\themes\altum\views\partials\cookie_consent.php on line 3
[27-Jan-2023 05:08:25 UTC] PHP Warning:  Undefined property: stdClass::$events_is_enabled in E:\___\codecanyon\biolink\product\themes\altum\views\links\links_content.php on line 49
[27-Jan-2023 05:08:25 UTC] PHP Warning:  Undefined property: stdClass::$events_is_enabled in E:\___\codecanyon\biolink\product\themes\altum\views\links\links_content.php on line 154
[27-Jan-2023 05:08:25 UTC] PHP Warning:  Attempt to read property "is_enabled" on string in E:\___\codecanyon\biolink\product\themes\altum\views\partials\menu.php on line 37
[27-Jan-2023 05:08:25 UTC] PHP Warning:  Attempt to read property "is_enabled" on string in E:\___\codecanyon\biolink\product\themes\altum\views\partials\menu.php on line 315
[27-Jan-2023 05:08:25 UTC] PHP Warning:  Undefined property: stdClass::$contact in E:\___\codecanyon\biolink\product\themes\altum\views\partials\footer.php on line 61
[27-Jan-2023 05:08:25 UTC] PHP Warning:  Undefined property: stdClass::$is_enabled in E:\___\codecanyon\biolink\product\themes\altum\views\partials\footer.php on line 65
[27-Jan-2023 05:08:25 UTC] PHP Warning:  Undefined property: stdClass::$guests_content in E:\___\codecanyon\biolink\product\themes\altum\views\partials\announcements.php on line 4
[27-Jan-2023 05:08:25 UTC] PHP Warning:  Undefined property: stdClass::$users_content in E:\___\codecanyon\biolink\product\themes\altum\views\partials\announcements.php on line 4
[27-Jan-2023 05:08:25 UTC] PHP Warning:  Undefined property: stdClass::$is_enabled in E:\___\codecanyon\biolink\product\themes\altum\views\partials\cookie_consent.php on line 3
[27-Jan-2023 05:08:27 UTC] PHP Warning:  Undefined property: stdClass::$events_is_enabled in E:\___\codecanyon\biolink\product\themes\altum\views\links\links_content.php on line 49
[27-Jan-2023 05:08:27 UTC] PHP Warning:  Undefined property: stdClass::$events_is_enabled in E:\___\codecanyon\biolink\product\themes\altum\views\links\links_content.php on line 154
[27-Jan-2023 05:08:27 UTC] PHP Warning:  Attempt to read property "is_enabled" on string in E:\___\codecanyon\biolink\product\themes\altum\views\partials\menu.php on line 37
[27-Jan-2023 05:08:27 UTC] PHP Warning:  Attempt to read property "is_enabled" on string in E:\___\codecanyon\biolink\product\themes\altum\views\partials\menu.php on line 315
[27-Jan-2023 05:08:27 UTC] PHP Warning:  Undefined property: stdClass::$contact in E:\___\codecanyon\biolink\product\themes\altum\views\partials\footer.php on line 61
[27-Jan-2023 05:08:27 UTC] PHP Warning:  Undefined property: stdClass::$is_enabled in E:\___\codecanyon\biolink\product\themes\altum\views\partials\footer.php on line 65
[27-Jan-2023 05:08:27 UTC] PHP Warning:  Undefined property: stdClass::$guests_content in E:\___\codecanyon\biolink\product\themes\altum\views\partials\announcements.php on line 4
[27-Jan-2023 05:08:27 UTC] PHP Warning:  Undefined property: stdClass::$users_content in E:\___\codecanyon\biolink\product\themes\altum\views\partials\announcements.php on line 4
[27-Jan-2023 05:08:27 UTC] PHP Warning:  Undefined property: stdClass::$is_enabled in E:\___\codecanyon\biolink\product\themes\altum\views\partials\cookie_consent.php on line 3
[27-Jan-2023 05:08:29 UTC] PHP Warning:  Undefined property: stdClass::$events_is_enabled in E:\___\codecanyon\biolink\product\themes\altum\views\links\links_content.php on line 49
[27-Jan-2023 05:08:29 UTC] PHP Warning:  Undefined property: stdClass::$events_is_enabled in E:\___\codecanyon\biolink\product\themes\altum\views\links\links_content.php on line 154
[27-Jan-2023 05:08:29 UTC] PHP Warning:  Attempt to read property "is_enabled" on string in E:\___\codecanyon\biolink\product\themes\altum\views\partials\menu.php on line 37
[27-Jan-2023 05:08:29 UTC] PHP Warning:  Attempt to read property "is_enabled" on string in E:\___\codecanyon\biolink\product\themes\altum\views\partials\menu.php on line 315
[27-Jan-2023 05:08:29 UTC] PHP Warning:  Undefined property: stdClass::$contact in E:\___\codecanyon\biolink\product\themes\altum\views\partials\footer.php on line 61
[27-Jan-2023 05:08:29 UTC] PHP Warning:  Undefined property: stdClass::$is_enabled in E:\___\codecanyon\biolink\product\themes\altum\views\partials\footer.php on line 65
[27-Jan-2023 05:08:29 UTC] PHP Warning:  Undefined property: stdClass::$guests_content in E:\___\codecanyon\biolink\product\themes\altum\views\partials\announcements.php on line 4
[27-Jan-2023 05:08:29 UTC] PHP Warning:  Undefined property: stdClass::$users_content in E:\___\codecanyon\biolink\product\themes\altum\views\partials\announcements.php on line 4
[27-Jan-2023 05:08:29 UTC] PHP Warning:  Undefined property: stdClass::$is_enabled in E:\___\codecanyon\biolink\product\themes\altum\views\partials\cookie_consent.php on line 3
[27-Jan-2023 05:08:30 UTC] PHP Warning:  Undefined property: stdClass::$events_is_enabled in E:\___\codecanyon\biolink\product\themes\altum\views\links\links_content.php on line 49
[27-Jan-2023 05:08:30 UTC] PHP Warning:  Undefined property: stdClass::$events_is_enabled in E:\___\codecanyon\biolink\product\themes\altum\views\links\links_content.php on line 154
[27-Jan-2023 05:08:30 UTC] PHP Warning:  Attempt to read property "is_enabled" on string in E:\___\codecanyon\biolink\product\themes\altum\views\partials\menu.php on line 37
[27-Jan-2023 05:08:30 UTC] PHP Warning:  Attempt to read property "is_enabled" on string in E:\___\codecanyon\biolink\product\themes\altum\views\partials\menu.php on line 315
[27-Jan-2023 05:08:30 UTC] PHP Warning:  Undefined property: stdClass::$contact in E:\___\codecanyon\biolink\product\themes\altum\views\partials\footer.php on line 61
[27-Jan-2023 05:08:30 UTC] PHP Warning:  Undefined property: stdClass::$is_enabled in E:\___\codecanyon\biolink\product\themes\altum\views\partials\footer.php on line 65
[27-Jan-2023 05:08:30 UTC] PHP Warning:  Undefined property: stdClass::$guests_content in E:\___\codecanyon\biolink\product\themes\altum\views\partials\announcements.php on line 4
[27-Jan-2023 05:08:30 UTC] PHP Warning:  Undefined property: stdClass::$users_content in E:\___\codecanyon\biolink\product\themes\altum\views\partials\announcements.php on line 4
[27-Jan-2023 05:08:30 UTC] PHP Warning:  Undefined property: stdClass::$is_enabled in E:\___\codecanyon\biolink\product\themes\altum\views\partials\cookie_consent.php on line 3
[27-Jan-2023 05:08:30 UTC] PHP Warning:  Undefined property: stdClass::$events_is_enabled in E:\___\codecanyon\biolink\product\themes\altum\views\links\links_content.php on line 49
[27-Jan-2023 05:08:30 UTC] PHP Warning:  Undefined property: stdClass::$events_is_enabled in E:\___\codecanyon\biolink\product\themes\altum\views\links\links_content.php on line 154
[27-Jan-2023 05:08:30 UTC] PHP Warning:  Attempt to read property "is_enabled" on string in E:\___\codecanyon\biolink\product\themes\altum\views\partials\menu.php on line 37
[27-Jan-2023 05:08:30 UTC] PHP Warning:  Attempt to read property "is_enabled" on string in E:\___\codecanyon\biolink\product\themes\altum\views\partials\menu.php on line 315
[27-Jan-2023 05:08:30 UTC] PHP Warning:  Undefined property: stdClass::$contact in E:\___\codecanyon\biolink\product\themes\altum\views\partials\footer.php on line 61
[27-Jan-2023 05:08:30 UTC] PHP Warning:  Undefined property: stdClass::$is_enabled in E:\___\codecanyon\biolink\product\themes\altum\views\partials\footer.php on line 65
[27-Jan-2023 05:08:30 UTC] PHP Warning:  Undefined property: stdClass::$guests_content in E:\___\codecanyon\biolink\product\themes\altum\views\partials\announcements.php on line 4
[27-Jan-2023 05:08:30 UTC] PHP Warning:  Undefined property: stdClass::$users_content in E:\___\codecanyon\biolink\product\themes\altum\views\partials\announcements.php on line 4
[27-Jan-2023 05:08:30 UTC] PHP Warning:  Undefined property: stdClass::$is_enabled in E:\___\codecanyon\biolink\product\themes\altum\views\partials\cookie_consent.php on line 3
[27-Jan-2023 05:08:31 UTC] PHP Warning:  Undefined property: stdClass::$events_is_enabled in E:\___\codecanyon\biolink\product\themes\altum\views\links\links_content.php on line 49
[27-Jan-2023 05:08:31 UTC] PHP Warning:  Undefined property: stdClass::$events_is_enabled in E:\___\codecanyon\biolink\product\themes\altum\views\links\links_content.php on line 154
[27-Jan-2023 05:08:31 UTC] PHP Warning:  Attempt to read property "is_enabled" on string in E:\___\codecanyon\biolink\product\themes\altum\views\partials\menu.php on line 37
[27-Jan-2023 05:08:31 UTC] PHP Warning:  Attempt to read property "is_enabled" on string in E:\___\codecanyon\biolink\product\themes\altum\views\partials\menu.php on line 315
[27-Jan-2023 05:08:31 UTC] PHP Warning:  Undefined property: stdClass::$contact in E:\___\codecanyon\biolink\product\themes\altum\views\partials\footer.php on line 61
[27-Jan-2023 05:08:31 UTC] PHP Warning:  Undefined property: stdClass::$is_enabled in E:\___\codecanyon\biolink\product\themes\altum\views\partials\footer.php on line 65
[27-Jan-2023 05:08:31 UTC] PHP Warning:  Undefined property: stdClass::$guests_content in E:\___\codecanyon\biolink\product\themes\altum\views\partials\announcements.php on line 4
[27-Jan-2023 05:08:31 UTC] PHP Warning:  Undefined property: stdClass::$users_content in E:\___\codecanyon\biolink\product\themes\altum\views\partials\announcements.php on line 4
[27-Jan-2023 05:08:31 UTC] PHP Warning:  Undefined property: stdClass::$is_enabled in E:\___\codecanyon\biolink\product\themes\altum\views\partials\cookie_consent.php on line 3
[27-Jan-2023 05:08:32 UTC] PHP Warning:  Undefined property: stdClass::$events_is_enabled in E:\___\codecanyon\biolink\product\themes\altum\views\links\links_content.php on line 49
[27-Jan-2023 05:08:32 UTC] PHP Warning:  Undefined property: stdClass::$events_is_enabled in E:\___\codecanyon\biolink\product\themes\altum\views\links\links_content.php on line 154
[27-Jan-2023 05:08:32 UTC] PHP Warning:  Attempt to read property "is_enabled" on string in E:\___\codecanyon\biolink\product\themes\altum\views\partials\menu.php on line 37
[27-Jan-2023 05:08:32 UTC] PHP Warning:  Attempt to read property "is_enabled" on string in E:\___\codecanyon\biolink\product\themes\altum\views\partials\menu.php on line 315
[27-Jan-2023 05:08:32 UTC] PHP Warning:  Undefined property: stdClass::$contact in E:\___\codecanyon\biolink\product\themes\altum\views\partials\footer.php on line 61
[27-Jan-2023 05:08:32 UTC] PHP Warning:  Undefined property: stdClass::$is_enabled in E:\___\codecanyon\biolink\product\themes\altum\views\partials\footer.php on line 65
[27-Jan-2023 05:08:32 UTC] PHP Warning:  Undefined property: stdClass::$guests_content in E:\___\codecanyon\biolink\product\themes\altum\views\partials\announcements.php on line 4
[27-Jan-2023 05:08:32 UTC] PHP Warning:  Undefined property: stdClass::$users_content in E:\___\codecanyon\biolink\product\themes\altum\views\partials\announcements.php on line 4
[27-Jan-2023 05:08:32 UTC] PHP Warning:  Undefined property: stdClass::$is_enabled in E:\___\codecanyon\biolink\product\themes\altum\views\partials\cookie_consent.php on line 3
[27-Jan-2023 05:08:34 UTC] PHP Warning:  Undefined property: stdClass::$events_is_enabled in E:\___\codecanyon\biolink\product\themes\altum\views\links\links_content.php on line 49
[27-Jan-2023 05:08:34 UTC] PHP Warning:  Undefined property: stdClass::$events_is_enabled in E:\___\codecanyon\biolink\product\themes\altum\views\links\links_content.php on line 154
[27-Jan-2023 05:08:34 UTC] PHP Warning:  Attempt to read property "is_enabled" on string in E:\___\codecanyon\biolink\product\themes\altum\views\partials\menu.php on line 37
[27-Jan-2023 05:08:34 UTC] PHP Warning:  Attempt to read property "is_enabled" on string in E:\___\codecanyon\biolink\product\themes\altum\views\partials\menu.php on line 315
[27-Jan-2023 05:08:34 UTC] PHP Warning:  Undefined property: stdClass::$contact in E:\___\codecanyon\biolink\product\themes\altum\views\partials\footer.php on line 61
[27-Jan-2023 05:08:34 UTC] PHP Warning:  Undefined property: stdClass::$is_enabled in E:\___\codecanyon\biolink\product\themes\altum\views\partials\footer.php on line 65
[27-Jan-2023 05:08:34 UTC] PHP Warning:  Undefined property: stdClass::$guests_content in E:\___\codecanyon\biolink\product\themes\altum\views\partials\announcements.php on line 4
[27-Jan-2023 05:08:34 UTC] PHP Warning:  Undefined property: stdClass::$users_content in E:\___\codecanyon\biolink\product\themes\altum\views\partials\announcements.php on line 4
[27-Jan-2023 05:08:34 UTC] PHP Warning:  Undefined property: stdClass::$is_enabled in E:\___\codecanyon\biolink\product\themes\altum\views\partials\cookie_consent.php on line 3
[27-Jan-2023 07:34:20 UTC] PHP Warning:  Undefined property: stdClass::$color in E:\___\codecanyon\biolink\product\themes\altum\views\partials\plans.php on line 56
[27-Jan-2023 07:34:20 UTC] PHP Warning:  Undefined property: stdClass::$price in E:\___\codecanyon\biolink\product\themes\altum\views\partials\plans.php on line 61
[27-Jan-2023 07:34:20 UTC] PHP Warning:  Undefined property: stdClass::$description in E:\___\codecanyon\biolink\product\themes\altum\views\partials\plans.php on line 64
[27-Jan-2023 07:34:20 UTC] PHP Warning:  Undefined property: stdClass::$biolink_blocks_limit in E:\___\codecanyon\biolink\product\themes\altum\views\partials\plans_plan_content.php on line 10
[27-Jan-2023 07:34:20 UTC] PHP Warning:  Undefined property: stdClass::$biolink_blocks_limit in E:\___\codecanyon\biolink\product\themes\altum\views\partials\plans_plan_content.php on line 10
[27-Jan-2023 07:34:20 UTC] PHP Warning:  Undefined property: stdClass::$files_limit in E:\___\codecanyon\biolink\product\themes\altum\views\partials\plans_plan_content.php on line 47
[27-Jan-2023 07:34:20 UTC] PHP Warning:  Undefined property: stdClass::$files_limit in E:\___\codecanyon\biolink\product\themes\altum\views\partials\plans_plan_content.php on line 47
[27-Jan-2023 07:34:20 UTC] PHP Warning:  Undefined property: stdClass::$vcards_limit in E:\___\codecanyon\biolink\product\themes\altum\views\partials\plans_plan_content.php on line 53
[27-Jan-2023 07:34:20 UTC] PHP Warning:  Undefined property: stdClass::$vcards_limit in E:\___\codecanyon\biolink\product\themes\altum\views\partials\plans_plan_content.php on line 53
[27-Jan-2023 07:34:20 UTC] PHP Warning:  Undefined property: stdClass::$events_is_enabled in E:\___\codecanyon\biolink\product\themes\altum\views\partials\plans_plan_content.php on line 57
[27-Jan-2023 07:34:20 UTC] PHP Warning:  Undefined property: stdClass::$qr_codes_limit in E:\___\codecanyon\biolink\product\themes\altum\views\partials\plans_plan_content.php on line 65
[27-Jan-2023 07:34:20 UTC] PHP Warning:  Undefined property: stdClass::$qr_codes_limit in E:\___\codecanyon\biolink\product\themes\altum\views\partials\plans_plan_content.php on line 65
[27-Jan-2023 07:34:20 UTC] PHP Warning:  Undefined property: stdClass::$track_links_retention in E:\___\codecanyon\biolink\product\themes\altum\views\partials\plans_plan_content.php on line 100
[27-Jan-2023 07:34:20 UTC] PHP Warning:  Undefined property: stdClass::$track_links_retention in E:\___\codecanyon\biolink\product\themes\altum\views\partials\plans_plan_content.php on line 100
[27-Jan-2023 07:34:20 UTC] PHP Warning:  Undefined property: stdClass::$dofollow_is_enabled in E:\___\codecanyon\biolink\product\themes\altum\views\partials\plans_plan_content.php on line 105
[27-Jan-2023 07:34:20 UTC] PHP Warning:  Undefined property: stdClass::$dofollow_is_enabled in E:\___\codecanyon\biolink\product\themes\altum\views\partials\plans_plan_content.php on line 109
[27-Jan-2023 07:34:20 UTC] PHP Warning:  Undefined property: stdClass::$custom_css_is_enabled in E:\___\codecanyon\biolink\product\themes\altum\views\partials\plans_plan_content.php on line 105
[27-Jan-2023 07:34:20 UTC] PHP Warning:  Undefined property: stdClass::$custom_css_is_enabled in E:\___\codecanyon\biolink\product\themes\altum\views\partials\plans_plan_content.php on line 109
[27-Jan-2023 07:34:20 UTC] PHP Warning:  Undefined property: stdClass::$custom_js_is_enabled in E:\___\codecanyon\biolink\product\themes\altum\views\partials\plans_plan_content.php on line 105
[27-Jan-2023 07:34:20 UTC] PHP Warning:  Undefined property: stdClass::$custom_js_is_enabled in E:\___\codecanyon\biolink\product\themes\altum\views\partials\plans_plan_content.php on line 109
[27-Jan-2023 07:34:20 UTC] PHP Warning:  Attempt to read property "is_enabled" on string in E:\___\codecanyon\biolink\product\themes\altum\views\partials\index_menu.php on line 28
[27-Jan-2023 07:34:20 UTC] PHP Warning:  Attempt to read property "is_enabled" on string in E:\___\codecanyon\biolink\product\themes\altum\views\partials\index_menu.php on line 68
[27-Jan-2023 07:34:20 UTC] PHP Warning:  Attempt to read property "is_enabled" on string in E:\___\codecanyon\biolink\product\themes\altum\views\index\index.php on line 238
[27-Jan-2023 07:34:20 UTC] PHP Warning:  Attempt to read property "is_enabled" on string in E:\___\codecanyon\biolink\product\themes\altum\views\partials\menu.php on line 37
[27-Jan-2023 07:34:20 UTC] PHP Warning:  Attempt to read property "is_enabled" on string in E:\___\codecanyon\biolink\product\themes\altum\views\partials\menu.php on line 315
[27-Jan-2023 07:34:21 UTC] PHP Warning:  Undefined property: stdClass::$contact in E:\___\codecanyon\biolink\product\themes\altum\views\partials\footer.php on line 61
[27-Jan-2023 07:34:21 UTC] PHP Warning:  Undefined property: stdClass::$is_enabled in E:\___\codecanyon\biolink\product\themes\altum\views\partials\footer.php on line 65
[27-Jan-2023 07:34:21 UTC] PHP Warning:  Undefined property: stdClass::$guests_content in E:\___\codecanyon\biolink\product\themes\altum\views\partials\announcements.php on line 4
[27-Jan-2023 07:34:21 UTC] PHP Warning:  Undefined property: stdClass::$users_content in E:\___\codecanyon\biolink\product\themes\altum\views\partials\announcements.php on line 4
[27-Jan-2023 07:34:21 UTC] PHP Warning:  Undefined property: stdClass::$is_enabled in E:\___\codecanyon\biolink\product\themes\altum\views\partials\cookie_consent.php on line 3
[27-Jan-2023 07:34:21 UTC] PHP Warning:  Undefined property: stdClass::$color in E:\___\codecanyon\biolink\product\themes\altum\views\partials\plans.php on line 56
[27-Jan-2023 07:34:21 UTC] PHP Warning:  Undefined property: stdClass::$price in E:\___\codecanyon\biolink\product\themes\altum\views\partials\plans.php on line 61
[27-Jan-2023 07:34:21 UTC] PHP Warning:  Undefined property: stdClass::$description in E:\___\codecanyon\biolink\product\themes\altum\views\partials\plans.php on line 64
[27-Jan-2023 07:34:21 UTC] PHP Warning:  Undefined property: stdClass::$biolink_blocks_limit in E:\___\codecanyon\biolink\product\themes\altum\views\partials\plans_plan_content.php on line 10
[27-Jan-2023 07:34:21 UTC] PHP Warning:  Undefined property: stdClass::$biolink_blocks_limit in E:\___\codecanyon\biolink\product\themes\altum\views\partials\plans_plan_content.php on line 10
[27-Jan-2023 07:34:21 UTC] PHP Warning:  Undefined property: stdClass::$files_limit in E:\___\codecanyon\biolink\product\themes\altum\views\partials\plans_plan_content.php on line 47
[27-Jan-2023 07:34:21 UTC] PHP Warning:  Undefined property: stdClass::$files_limit in E:\___\codecanyon\biolink\product\themes\altum\views\partials\plans_plan_content.php on line 47
[27-Jan-2023 07:34:21 UTC] PHP Warning:  Undefined property: stdClass::$vcards_limit in E:\___\codecanyon\biolink\product\themes\altum\views\partials\plans_plan_content.php on line 53
[27-Jan-2023 07:34:21 UTC] PHP Warning:  Undefined property: stdClass::$vcards_limit in E:\___\codecanyon\biolink\product\themes\altum\views\partials\plans_plan_content.php on line 53
[27-Jan-2023 07:34:21 UTC] PHP Warning:  Undefined property: stdClass::$events_is_enabled in E:\___\codecanyon\biolink\product\themes\altum\views\partials\plans_plan_content.php on line 57
[27-Jan-2023 07:34:21 UTC] PHP Warning:  Undefined property: stdClass::$qr_codes_limit in E:\___\codecanyon\biolink\product\themes\altum\views\partials\plans_plan_content.php on line 65
[27-Jan-2023 07:34:21 UTC] PHP Warning:  Undefined property: stdClass::$qr_codes_limit in E:\___\codecanyon\biolink\product\themes\altum\views\partials\plans_plan_content.php on line 65
[27-Jan-2023 07:34:21 UTC] PHP Warning:  Undefined property: stdClass::$track_links_retention in E:\___\codecanyon\biolink\product\themes\altum\views\partials\plans_plan_content.php on line 100
[27-Jan-2023 07:34:21 UTC] PHP Warning:  Undefined property: stdClass::$track_links_retention in E:\___\codecanyon\biolink\product\themes\altum\views\partials\plans_plan_content.php on line 100
[27-Jan-2023 07:34:21 UTC] PHP Warning:  Undefined property: stdClass::$dofollow_is_enabled in E:\___\codecanyon\biolink\product\themes\altum\views\partials\plans_plan_content.php on line 105
[27-Jan-2023 07:34:21 UTC] PHP Warning:  Undefined property: stdClass::$dofollow_is_enabled in E:\___\codecanyon\biolink\product\themes\altum\views\partials\plans_plan_content.php on line 109
[27-Jan-2023 07:34:21 UTC] PHP Warning:  Undefined property: stdClass::$custom_css_is_enabled in E:\___\codecanyon\biolink\product\themes\altum\views\partials\plans_plan_content.php on line 105
[27-Jan-2023 07:34:21 UTC] PHP Warning:  Undefined property: stdClass::$custom_css_is_enabled in E:\___\codecanyon\biolink\product\themes\altum\views\partials\plans_plan_content.php on line 109
[27-Jan-2023 07:34:21 UTC] PHP Warning:  Undefined property: stdClass::$custom_js_is_enabled in E:\___\codecanyon\biolink\product\themes\altum\views\partials\plans_plan_content.php on line 105
[27-Jan-2023 07:34:21 UTC] PHP Warning:  Undefined property: stdClass::$custom_js_is_enabled in E:\___\codecanyon\biolink\product\themes\altum\views\partials\plans_plan_content.php on line 109
[27-Jan-2023 07:34:21 UTC] PHP Warning:  Attempt to read property "is_enabled" on string in E:\___\codecanyon\biolink\product\themes\altum\views\partials\index_menu.php on line 28
[27-Jan-2023 07:34:21 UTC] PHP Warning:  Attempt to read property "is_enabled" on string in E:\___\codecanyon\biolink\product\themes\altum\views\partials\index_menu.php on line 68
[27-Jan-2023 07:34:21 UTC] PHP Warning:  Attempt to read property "is_enabled" on string in E:\___\codecanyon\biolink\product\themes\altum\views\index\index.php on line 238
[27-Jan-2023 07:34:21 UTC] PHP Warning:  Attempt to read property "is_enabled" on string in E:\___\codecanyon\biolink\product\themes\altum\views\partials\menu.php on line 37
[27-Jan-2023 07:34:21 UTC] PHP Warning:  Attempt to read property "is_enabled" on string in E:\___\codecanyon\biolink\product\themes\altum\views\partials\menu.php on line 315
[27-Jan-2023 07:34:21 UTC] PHP Warning:  Undefined property: stdClass::$contact in E:\___\codecanyon\biolink\product\themes\altum\views\partials\footer.php on line 61
[27-Jan-2023 07:34:21 UTC] PHP Warning:  Undefined property: stdClass::$is_enabled in E:\___\codecanyon\biolink\product\themes\altum\views\partials\footer.php on line 65
[27-Jan-2023 07:34:21 UTC] PHP Warning:  Undefined property: stdClass::$guests_content in E:\___\codecanyon\biolink\product\themes\altum\views\partials\announcements.php on line 4
[27-Jan-2023 07:34:21 UTC] PHP Warning:  Undefined property: stdClass::$users_content in E:\___\codecanyon\biolink\product\themes\altum\views\partials\announcements.php on line 4
[27-Jan-2023 07:34:21 UTC] PHP Warning:  Undefined property: stdClass::$is_enabled in E:\___\codecanyon\biolink\product\themes\altum\views\partials\cookie_consent.php on line 3
[27-Jan-2023 07:34:26 UTC] PHP Warning:  Undefined property: stdClass::$events_is_enabled in E:\___\codecanyon\biolink\product\themes\altum\views\links\links_content.php on line 49
[27-Jan-2023 07:34:26 UTC] PHP Warning:  Undefined property: stdClass::$events_is_enabled in E:\___\codecanyon\biolink\product\themes\altum\views\links\links_content.php on line 154
[27-Jan-2023 07:34:26 UTC] PHP Warning:  Attempt to read property "is_enabled" on string in E:\___\codecanyon\biolink\product\themes\altum\views\partials\menu.php on line 37
[27-Jan-2023 07:34:26 UTC] PHP Warning:  Attempt to read property "is_enabled" on string in E:\___\codecanyon\biolink\product\themes\altum\views\partials\menu.php on line 315
[27-Jan-2023 07:34:26 UTC] PHP Warning:  Undefined property: stdClass::$contact in E:\___\codecanyon\biolink\product\themes\altum\views\partials\footer.php on line 61
[27-Jan-2023 07:34:26 UTC] PHP Warning:  Undefined property: stdClass::$is_enabled in E:\___\codecanyon\biolink\product\themes\altum\views\partials\footer.php on line 65
[27-Jan-2023 07:34:26 UTC] PHP Warning:  Undefined property: stdClass::$guests_content in E:\___\codecanyon\biolink\product\themes\altum\views\partials\announcements.php on line 4
[27-Jan-2023 07:34:26 UTC] PHP Warning:  Undefined property: stdClass::$users_content in E:\___\codecanyon\biolink\product\themes\altum\views\partials\announcements.php on line 4
[27-Jan-2023 07:34:26 UTC] PHP Warning:  Undefined property: stdClass::$is_enabled in E:\___\codecanyon\biolink\product\themes\altum\views\partials\cookie_consent.php on line 3
[27-Jan-2023 07:34:30 UTC] PHP Warning:  Undefined property: stdClass::$color in E:\___\codecanyon\biolink\product\themes\altum\views\partials\plans.php on line 56
[27-Jan-2023 07:34:30 UTC] PHP Warning:  Undefined property: stdClass::$price in E:\___\codecanyon\biolink\product\themes\altum\views\partials\plans.php on line 61
[27-Jan-2023 07:34:30 UTC] PHP Warning:  Undefined property: stdClass::$description in E:\___\codecanyon\biolink\product\themes\altum\views\partials\plans.php on line 64
[27-Jan-2023 07:34:30 UTC] PHP Warning:  Undefined property: stdClass::$biolink_blocks_limit in E:\___\codecanyon\biolink\product\themes\altum\views\partials\plans_plan_content.php on line 10
[27-Jan-2023 07:34:30 UTC] PHP Warning:  Undefined property: stdClass::$biolink_blocks_limit in E:\___\codecanyon\biolink\product\themes\altum\views\partials\plans_plan_content.php on line 10
[27-Jan-2023 07:34:30 UTC] PHP Warning:  Undefined property: stdClass::$files_limit in E:\___\codecanyon\biolink\product\themes\altum\views\partials\plans_plan_content.php on line 47
[27-Jan-2023 07:34:30 UTC] PHP Warning:  Undefined property: stdClass::$files_limit in E:\___\codecanyon\biolink\product\themes\altum\views\partials\plans_plan_content.php on line 47
[27-Jan-2023 07:34:30 UTC] PHP Warning:  Undefined property: stdClass::$vcards_limit in E:\___\codecanyon\biolink\product\themes\altum\views\partials\plans_plan_content.php on line 53
[27-Jan-2023 07:34:30 UTC] PHP Warning:  Undefined property: stdClass::$vcards_limit in E:\___\codecanyon\biolink\product\themes\altum\views\partials\plans_plan_content.php on line 53
[27-Jan-2023 07:34:30 UTC] PHP Warning:  Undefined property: stdClass::$events_is_enabled in E:\___\codecanyon\biolink\product\themes\altum\views\partials\plans_plan_content.php on line 57
[27-Jan-2023 07:34:30 UTC] PHP Warning:  Undefined property: stdClass::$qr_codes_limit in E:\___\codecanyon\biolink\product\themes\altum\views\partials\plans_plan_content.php on line 65
[27-Jan-2023 07:34:30 UTC] PHP Warning:  Undefined property: stdClass::$qr_codes_limit in E:\___\codecanyon\biolink\product\themes\altum\views\partials\plans_plan_content.php on line 65
[27-Jan-2023 07:34:30 UTC] PHP Warning:  Undefined property: stdClass::$track_links_retention in E:\___\codecanyon\biolink\product\themes\altum\views\partials\plans_plan_content.php on line 100
[27-Jan-2023 07:34:30 UTC] PHP Warning:  Undefined property: stdClass::$track_links_retention in E:\___\codecanyon\biolink\product\themes\altum\views\partials\plans_plan_content.php on line 100
[27-Jan-2023 07:34:30 UTC] PHP Warning:  Undefined property: stdClass::$dofollow_is_enabled in E:\___\codecanyon\biolink\product\themes\altum\views\partials\plans_plan_content.php on line 105
[27-Jan-2023 07:34:30 UTC] PHP Warning:  Undefined property: stdClass::$dofollow_is_enabled in E:\___\codecanyon\biolink\product\themes\altum\views\partials\plans_plan_content.php on line 109
[27-Jan-2023 07:34:30 UTC] PHP Warning:  Undefined property: stdClass::$custom_css_is_enabled in E:\___\codecanyon\biolink\product\themes\altum\views\partials\plans_plan_content.php on line 105
[27-Jan-2023 07:34:30 UTC] PHP Warning:  Undefined property: stdClass::$custom_css_is_enabled in E:\___\codecanyon\biolink\product\themes\altum\views\partials\plans_plan_content.php on line 109
[27-Jan-2023 07:34:30 UTC] PHP Warning:  Undefined property: stdClass::$custom_js_is_enabled in E:\___\codecanyon\biolink\product\themes\altum\views\partials\plans_plan_content.php on line 105
[27-Jan-2023 07:34:30 UTC] PHP Warning:  Undefined property: stdClass::$custom_js_is_enabled in E:\___\codecanyon\biolink\product\themes\altum\views\partials\plans_plan_content.php on line 109
[27-Jan-2023 07:34:30 UTC] PHP Warning:  Attempt to read property "is_enabled" on string in E:\___\codecanyon\biolink\product\themes\altum\views\partials\index_menu.php on line 28
[27-Jan-2023 07:34:30 UTC] PHP Warning:  Attempt to read property "is_enabled" on string in E:\___\codecanyon\biolink\product\themes\altum\views\partials\index_menu.php on line 68
[27-Jan-2023 07:34:30 UTC] PHP Warning:  Attempt to read property "is_enabled" on string in E:\___\codecanyon\biolink\product\themes\altum\views\index\index.php on line 238
[27-Jan-2023 07:34:30 UTC] PHP Warning:  Attempt to read property "is_enabled" on string in E:\___\codecanyon\biolink\product\themes\altum\views\partials\menu.php on line 37
[27-Jan-2023 07:34:30 UTC] PHP Warning:  Attempt to read property "is_enabled" on string in E:\___\codecanyon\biolink\product\themes\altum\views\partials\menu.php on line 315
[27-Jan-2023 07:34:30 UTC] PHP Warning:  Undefined property: stdClass::$contact in E:\___\codecanyon\biolink\product\themes\altum\views\partials\footer.php on line 61
[27-Jan-2023 07:34:30 UTC] PHP Warning:  Undefined property: stdClass::$is_enabled in E:\___\codecanyon\biolink\product\themes\altum\views\partials\footer.php on line 65
[27-Jan-2023 07:34:30 UTC] PHP Warning:  Undefined property: stdClass::$guests_content in E:\___\codecanyon\biolink\product\themes\altum\views\partials\announcements.php on line 4
[27-Jan-2023 07:34:30 UTC] PHP Warning:  Undefined property: stdClass::$users_content in E:\___\codecanyon\biolink\product\themes\altum\views\partials\announcements.php on line 4
[27-Jan-2023 07:34:30 UTC] PHP Warning:  Undefined property: stdClass::$is_enabled in E:\___\codecanyon\biolink\product\themes\altum\views\partials\cookie_consent.php on line 3
[27-Jan-2023 07:36:43 UTC] PHP Warning:  Undefined property: stdClass::$events_is_enabled in E:\___\codecanyon\biolink\product\themes\altum\views\links\links_content.php on line 49
[27-Jan-2023 07:36:43 UTC] PHP Warning:  Undefined property: stdClass::$events_is_enabled in E:\___\codecanyon\biolink\product\themes\altum\views\links\links_content.php on line 154
[27-Jan-2023 07:36:43 UTC] PHP Warning:  Attempt to read property "is_enabled" on string in E:\___\codecanyon\biolink\product\themes\altum\views\partials\menu.php on line 37
[27-Jan-2023 07:36:43 UTC] PHP Warning:  Attempt to read property "is_enabled" on string in E:\___\codecanyon\biolink\product\themes\altum\views\partials\menu.php on line 315
[27-Jan-2023 07:36:43 UTC] PHP Warning:  Undefined property: stdClass::$contact in E:\___\codecanyon\biolink\product\themes\altum\views\partials\footer.php on line 61
[27-Jan-2023 07:36:43 UTC] PHP Warning:  Undefined property: stdClass::$is_enabled in E:\___\codecanyon\biolink\product\themes\altum\views\partials\footer.php on line 65
[27-Jan-2023 07:36:43 UTC] PHP Warning:  Undefined property: stdClass::$guests_content in E:\___\codecanyon\biolink\product\themes\altum\views\partials\announcements.php on line 4
[27-Jan-2023 07:36:43 UTC] PHP Warning:  Undefined property: stdClass::$users_content in E:\___\codecanyon\biolink\product\themes\altum\views\partials\announcements.php on line 4
[27-Jan-2023 07:36:43 UTC] PHP Warning:  Undefined property: stdClass::$is_enabled in E:\___\codecanyon\biolink\product\themes\altum\views\partials\cookie_consent.php on line 3
[27-Jan-2023 07:36:44 UTC] PHP Warning:  Undefined property: stdClass::$color in E:\___\codecanyon\biolink\product\themes\altum\views\partials\plans.php on line 56
[27-Jan-2023 07:36:44 UTC] PHP Warning:  Undefined property: stdClass::$price in E:\___\codecanyon\biolink\product\themes\altum\views\partials\plans.php on line 61
[27-Jan-2023 07:36:44 UTC] PHP Warning:  Undefined property: stdClass::$description in E:\___\codecanyon\biolink\product\themes\altum\views\partials\plans.php on line 64
[27-Jan-2023 07:36:44 UTC] PHP Warning:  Undefined property: stdClass::$biolink_blocks_limit in E:\___\codecanyon\biolink\product\themes\altum\views\partials\plans_plan_content.php on line 10
[27-Jan-2023 07:36:44 UTC] PHP Warning:  Undefined property: stdClass::$biolink_blocks_limit in E:\___\codecanyon\biolink\product\themes\altum\views\partials\plans_plan_content.php on line 10
[27-Jan-2023 07:36:44 UTC] PHP Warning:  Undefined property: stdClass::$files_limit in E:\___\codecanyon\biolink\product\themes\altum\views\partials\plans_plan_content.php on line 47
[27-Jan-2023 07:36:44 UTC] PHP Warning:  Undefined property: stdClass::$files_limit in E:\___\codecanyon\biolink\product\themes\altum\views\partials\plans_plan_content.php on line 47
[27-Jan-2023 07:36:44 UTC] PHP Warning:  Undefined property: stdClass::$vcards_limit in E:\___\codecanyon\biolink\product\themes\altum\views\partials\plans_plan_content.php on line 53
[27-Jan-2023 07:36:44 UTC] PHP Warning:  Undefined property: stdClass::$vcards_limit in E:\___\codecanyon\biolink\product\themes\altum\views\partials\plans_plan_content.php on line 53
[27-Jan-2023 07:36:44 UTC] PHP Warning:  Undefined property: stdClass::$events_is_enabled in E:\___\codecanyon\biolink\product\themes\altum\views\partials\plans_plan_content.php on line 57
[27-Jan-2023 07:36:44 UTC] PHP Warning:  Undefined property: stdClass::$qr_codes_limit in E:\___\codecanyon\biolink\product\themes\altum\views\partials\plans_plan_content.php on line 65
[27-Jan-2023 07:36:44 UTC] PHP Warning:  Undefined property: stdClass::$qr_codes_limit in E:\___\codecanyon\biolink\product\themes\altum\views\partials\plans_plan_content.php on line 65
[27-Jan-2023 07:36:44 UTC] PHP Warning:  Undefined property: stdClass::$track_links_retention in E:\___\codecanyon\biolink\product\themes\altum\views\partials\plans_plan_content.php on line 100
[27-Jan-2023 07:36:44 UTC] PHP Warning:  Undefined property: stdClass::$track_links_retention in E:\___\codecanyon\biolink\product\themes\altum\views\partials\plans_plan_content.php on line 100
[27-Jan-2023 07:36:44 UTC] PHP Warning:  Undefined property: stdClass::$dofollow_is_enabled in E:\___\codecanyon\biolink\product\themes\altum\views\partials\plans_plan_content.php on line 105
[27-Jan-2023 07:36:44 UTC] PHP Warning:  Undefined property: stdClass::$dofollow_is_enabled in E:\___\codecanyon\biolink\product\themes\altum\views\partials\plans_plan_content.php on line 109
[27-Jan-2023 07:36:44 UTC] PHP Warning:  Undefined property: stdClass::$custom_css_is_enabled in E:\___\codecanyon\biolink\product\themes\altum\views\partials\plans_plan_content.php on line 105
[27-Jan-2023 07:36:44 UTC] PHP Warning:  Undefined property: stdClass::$custom_css_is_enabled in E:\___\codecanyon\biolink\product\themes\altum\views\partials\plans_plan_content.php on line 109
[27-Jan-2023 07:36:44 UTC] PHP Warning:  Undefined property: stdClass::$custom_js_is_enabled in E:\___\codecanyon\biolink\product\themes\altum\views\partials\plans_plan_content.php on line 105
[27-Jan-2023 07:36:44 UTC] PHP Warning:  Undefined property: stdClass::$custom_js_is_enabled in E:\___\codecanyon\biolink\product\themes\altum\views\partials\plans_plan_content.php on line 109
[27-Jan-2023 07:36:44 UTC] PHP Warning:  Attempt to read property "is_enabled" on string in E:\___\codecanyon\biolink\product\themes\altum\views\partials\index_menu.php on line 28
[27-Jan-2023 07:36:44 UTC] PHP Warning:  Attempt to read property "is_enabled" on string in E:\___\codecanyon\biolink\product\themes\altum\views\partials\index_menu.php on line 68
[27-Jan-2023 07:36:44 UTC] PHP Warning:  Attempt to read property "is_enabled" on string in E:\___\codecanyon\biolink\product\themes\altum\views\index\index.php on line 238
[27-Jan-2023 07:36:44 UTC] PHP Warning:  Attempt to read property "is_enabled" on string in E:\___\codecanyon\biolink\product\themes\altum\views\partials\menu.php on line 37
[27-Jan-2023 07:36:44 UTC] PHP Warning:  Attempt to read property "is_enabled" on string in E:\___\codecanyon\biolink\product\themes\altum\views\partials\menu.php on line 315
[27-Jan-2023 07:36:44 UTC] PHP Warning:  Undefined property: stdClass::$contact in E:\___\codecanyon\biolink\product\themes\altum\views\partials\footer.php on line 61
[27-Jan-2023 07:36:44 UTC] PHP Warning:  Undefined property: stdClass::$is_enabled in E:\___\codecanyon\biolink\product\themes\altum\views\partials\footer.php on line 65
[27-Jan-2023 07:36:44 UTC] PHP Warning:  Undefined property: stdClass::$guests_content in E:\___\codecanyon\biolink\product\themes\altum\views\partials\announcements.php on line 4
[27-Jan-2023 07:36:44 UTC] PHP Warning:  Undefined property: stdClass::$users_content in E:\___\codecanyon\biolink\product\themes\altum\views\partials\announcements.php on line 4
[27-Jan-2023 07:36:44 UTC] PHP Warning:  Undefined property: stdClass::$is_enabled in E:\___\codecanyon\biolink\product\themes\altum\views\partials\cookie_consent.php on line 3
[27-Jan-2023 07:36:46 UTC] PHP Warning:  Undefined property: stdClass::$events_is_enabled in E:\___\codecanyon\biolink\product\themes\altum\views\links\links_content.php on line 49
[27-Jan-2023 07:36:46 UTC] PHP Warning:  Undefined property: stdClass::$events_is_enabled in E:\___\codecanyon\biolink\product\themes\altum\views\links\links_content.php on line 154
[27-Jan-2023 07:36:46 UTC] PHP Warning:  Attempt to read property "is_enabled" on string in E:\___\codecanyon\biolink\product\themes\altum\views\partials\menu.php on line 37
[27-Jan-2023 07:36:46 UTC] PHP Warning:  Attempt to read property "is_enabled" on string in E:\___\codecanyon\biolink\product\themes\altum\views\partials\menu.php on line 315
[27-Jan-2023 07:36:46 UTC] PHP Warning:  Undefined property: stdClass::$contact in E:\___\codecanyon\biolink\product\themes\altum\views\partials\footer.php on line 61
[27-Jan-2023 07:36:46 UTC] PHP Warning:  Undefined property: stdClass::$is_enabled in E:\___\codecanyon\biolink\product\themes\altum\views\partials\footer.php on line 65
[27-Jan-2023 07:36:46 UTC] PHP Warning:  Undefined property: stdClass::$guests_content in E:\___\codecanyon\biolink\product\themes\altum\views\partials\announcements.php on line 4
[27-Jan-2023 07:36:46 UTC] PHP Warning:  Undefined property: stdClass::$users_content in E:\___\codecanyon\biolink\product\themes\altum\views\partials\announcements.php on line 4
[27-Jan-2023 07:36:46 UTC] PHP Warning:  Undefined property: stdClass::$is_enabled in E:\___\codecanyon\biolink\product\themes\altum\views\partials\cookie_consent.php on line 3
[27-Jan-2023 13:15:24 UTC] PHP Warning:  Undefined property: stdClass::$events_is_enabled in E:\___\codecanyon\biolink\product\themes\altum\views\links\links_content.php on line 49
[27-Jan-2023 13:15:24 UTC] PHP Warning:  Undefined property: stdClass::$events_is_enabled in E:\___\codecanyon\biolink\product\themes\altum\views\links\links_content.php on line 154
[27-Jan-2023 13:15:24 UTC] PHP Warning:  Attempt to read property "is_enabled" on string in E:\___\codecanyon\biolink\product\themes\altum\views\partials\menu.php on line 37
[27-Jan-2023 13:15:24 UTC] PHP Warning:  Attempt to read property "is_enabled" on string in E:\___\codecanyon\biolink\product\themes\altum\views\partials\menu.php on line 314
[27-Jan-2023 13:15:24 UTC] PHP Warning:  Undefined property: stdClass::$contact in E:\___\codecanyon\biolink\product\themes\altum\views\partials\footer.php on line 61
[27-Jan-2023 13:15:24 UTC] PHP Warning:  Undefined property: stdClass::$is_enabled in E:\___\codecanyon\biolink\product\themes\altum\views\partials\footer.php on line 65
[27-Jan-2023 13:15:24 UTC] PHP Warning:  Undefined property: stdClass::$guests_content in E:\___\codecanyon\biolink\product\themes\altum\views\partials\announcements.php on line 4
[27-Jan-2023 13:15:24 UTC] PHP Warning:  Undefined property: stdClass::$users_content in E:\___\codecanyon\biolink\product\themes\altum\views\partials\announcements.php on line 4
[27-Jan-2023 13:15:24 UTC] PHP Warning:  Undefined property: stdClass::$is_enabled in E:\___\codecanyon\biolink\product\themes\altum\views\partials\cookie_consent.php on line 3
[27-Jan-2023 13:19:08 UTC] PHP Warning:  Undefined property: stdClass::$events_is_enabled in E:\___\codecanyon\biolink\product\themes\altum\views\links\links_content.php on line 49
[27-Jan-2023 13:19:08 UTC] PHP Warning:  Undefined property: stdClass::$events_is_enabled in E:\___\codecanyon\biolink\product\themes\altum\views\links\links_content.php on line 154
[27-Jan-2023 13:19:08 UTC] PHP Warning:  Attempt to read property "is_enabled" on string in E:\___\codecanyon\biolink\product\themes\altum\views\partials\menu.php on line 37
[27-Jan-2023 13:19:08 UTC] PHP Warning:  Attempt to read property "is_enabled" on string in E:\___\codecanyon\biolink\product\themes\altum\views\partials\menu.php on line 314
[27-Jan-2023 13:19:08 UTC] PHP Warning:  Undefined property: stdClass::$contact in E:\___\codecanyon\biolink\product\themes\altum\views\partials\footer.php on line 61
[27-Jan-2023 13:19:08 UTC] PHP Warning:  Undefined property: stdClass::$is_enabled in E:\___\codecanyon\biolink\product\themes\altum\views\partials\footer.php on line 65
[27-Jan-2023 13:19:08 UTC] PHP Warning:  Undefined property: stdClass::$guests_content in E:\___\codecanyon\biolink\product\themes\altum\views\partials\announcements.php on line 4
[27-Jan-2023 13:19:08 UTC] PHP Warning:  Undefined property: stdClass::$users_content in E:\___\codecanyon\biolink\product\themes\altum\views\partials\announcements.php on line 4
[27-Jan-2023 13:19:08 UTC] PHP Warning:  Undefined property: stdClass::$is_enabled in E:\___\codecanyon\biolink\product\themes\altum\views\partials\cookie_consent.php on line 3
[27-Jan-2023 16:44:46 UTC] PHP Warning:  Undefined property: stdClass::$events_is_enabled in E:\___\codecanyon\biolink\product\themes\altum\views\links\links_content.php on line 49
[27-Jan-2023 16:44:46 UTC] PHP Warning:  Undefined property: stdClass::$events_is_enabled in E:\___\codecanyon\biolink\product\themes\altum\views\links\links_content.php on line 154
[27-Jan-2023 16:44:46 UTC] PHP Warning:  Attempt to read property "is_enabled" on string in E:\___\codecanyon\biolink\product\themes\altum\views\partials\menu.php on line 37
[27-Jan-2023 16:44:46 UTC] PHP Warning:  Attempt to read property "is_enabled" on string in E:\___\codecanyon\biolink\product\themes\altum\views\partials\menu.php on line 314
[27-Jan-2023 16:44:46 UTC] PHP Warning:  Undefined property: stdClass::$contact in E:\___\codecanyon\biolink\product\themes\altum\views\partials\footer.php on line 61
[27-Jan-2023 16:44:46 UTC] PHP Warning:  Undefined property: stdClass::$is_enabled in E:\___\codecanyon\biolink\product\themes\altum\views\partials\footer.php on line 65
[27-Jan-2023 16:44:46 UTC] PHP Warning:  Undefined property: stdClass::$guests_content in E:\___\codecanyon\biolink\product\themes\altum\views\partials\announcements.php on line 4
[27-Jan-2023 16:44:46 UTC] PHP Warning:  Undefined property: stdClass::$users_content in E:\___\codecanyon\biolink\product\themes\altum\views\partials\announcements.php on line 4
[27-Jan-2023 16:44:46 UTC] PHP Warning:  Undefined property: stdClass::$is_enabled in E:\___\codecanyon\biolink\product\themes\altum\views\partials\cookie_consent.php on line 3
